[06-Apr-2018 07:36:32 UTC] PHP Fatal error:  Uncaught PDOException: SQLSTATE[HY000] [2002] Подключение не установлено, т.к. конечный компьютер отверг запрос на подключение.
 in C:\Winginx\home\claim\public_html\database.php:26
Stack trace:
#0 C:\Winginx\home\claim\public_html\database.php(26): PDO->__construct('mysql:host=loca...', 'root', '', Array)
#1 C:\Winginx\home\claim\public_html\database.php(38): DB::instance()
#2 C:\Winginx\home\claim\public_html\index.php(11): DB::run('SELECT * FROM c...', Array)
#3 {main}
  thrown in C:\Winginx\home\claim\public_html\database.php on line 26
[06-Apr-2018 08:07:29 UTC] PHP Fatal error:  Uncaught PDOException: SQLSTATE[HY000] [2002] Подключение не установлено, т.к. конечный компьютер отверг запрос на подключение.
 in C:\Winginx\home\claim\public_html\database.php:26
Stack trace:
#0 C:\Winginx\home\claim\public_html\database.php(26): PDO->__construct('mysql:host=loca...', 'root', '', Array)
#1 C:\Winginx\home\claim\public_html\database.php(38): DB::instance()
#2 C:\Winginx\home\claim\public_html\index.php(11): DB::run('SELECT * FROM c...', Array)
#3 {main}
  thrown in C:\Winginx\home\claim\public_html\database.php on line 26
[06-Apr-2018 08:08:55 UTC] PHP Fatal error:  Uncaught PDOException: SQLSTATE[HY000] [2002] Подключение не установлено, т.к. конечный компьютер отверг запрос на подключение.
 in C:\Winginx\home\claim\public_html\database.php:26
Stack trace:
#0 C:\Winginx\home\claim\public_html\database.php(26): PDO->__construct('mysql:host=loca...', 'root', '', Array)
#1 C:\Winginx\home\claim\public_html\database.php(38): DB::instance()
#2 C:\Winginx\home\claim\public_html\index.php(11): DB::run('SELECT * FROM c...', Array)
#3 {main}
  thrown in C:\Winginx\home\claim\public_html\database.php on line 26
[06-Apr-2018 08:11:54 UTC] PHP Fatal error:  Uncaught PDOException: SQLSTATE[HY000] [2002] Подключение не установлено, т.к. конечный компьютер отверг запрос на подключение.
 in C:\Winginx\home\claim\public_html\database.php:26
Stack trace:
#0 C:\Winginx\home\claim\public_html\database.php(26): PDO->__construct('mysql:host=loca...', 'root', '', Array)
#1 C:\Winginx\home\claim\public_html\database.php(38): DB::instance()
#2 C:\Winginx\home\claim\public_html\index.php(11): DB::run('SELECT * FROM c...', Array)
#3 {main}
  thrown in C:\Winginx\home\claim\public_html\database.php on line 26
[06-Apr-2018 08:13:56 UTC] PHP Fatal error:  Uncaught PDOException: SQLSTATE[HY000] [2002] Подключение не установлено, т.к. конечный компьютер отверг запрос на подключение.
 in C:\Winginx\home\claim\public_html\database.php:26
Stack trace:
#0 C:\Winginx\home\claim\public_html\database.php(26): PDO->__construct('mysql:host=loca...', 'root', '', Array)
#1 C:\Winginx\home\claim\public_html\database.php(38): DB::instance()
#2 C:\Winginx\home\claim\public_html\index.php(11): DB::run('SELECT * FROM c...', Array)
#3 {main}
  thrown in C:\Winginx\home\claim\public_html\database.php on line 26
[06-Apr-2018 08:20:31 UTC] PHP Fatal error:  Uncaught PDOException: SQLSTATE[HY000] [2002] Подключение не установлено, т.к. конечный компьютер отверг запрос на подключение.
 in C:\Winginx\home\claim\public_html\database.php:26
Stack trace:
#0 C:\Winginx\home\claim\public_html\database.php(26): PDO->__construct('mysql:host=loca...', 'root', '', Array)
#1 C:\Winginx\home\claim\public_html\database.php(38): DB::instance()
#2 C:\Winginx\home\claim\public_html\index.php(11): DB::run('SELECT * FROM c...', Array)
#3 {main}
  thrown in C:\Winginx\home\claim\public_html\database.php on line 26
[06-Apr-2018 08:30:22 UTC] PHP Fatal error:  Uncaught PDOException: SQLSTATE[HY000] [2002] Подключение не установлено, т.к. конечный компьютер отверг запрос на подключение.
 in C:\Winginx\home\claim\public_html\database.php:26
Stack trace:
#0 C:\Winginx\home\claim\public_html\database.php(26): PDO->__construct('mysql:host=loca...', 'root', '', Array)
#1 C:\Winginx\home\claim\public_html\database.php(38): DB::instance()
#2 C:\Winginx\home\claim\public_html\index.php(11): DB::run('SELECT * FROM c...', Array)
#3 {main}
  thrown in C:\Winginx\home\claim\public_html\database.php on line 26
[06-Apr-2018 08:39:17 UTC] PHP Fatal error:  Uncaught PDOException: SQLSTATE[HY000] [2002] Подключение не установлено, т.к. конечный компьютер отверг запрос на подключение.
 in C:\Winginx\home\claim\public_html\database.php:26
Stack trace:
#0 C:\Winginx\home\claim\public_html\database.php(26): PDO->__construct('mysql:host=loca...', 'root', '', Array)
#1 C:\Winginx\home\claim\public_html\database.php(38): DB::instance()
#2 C:\Winginx\home\claim\public_html\index.php(11): DB::run('SELECT * FROM c...', Array)
#3 {main}
  thrown in C:\Winginx\home\claim\public_html\database.php on line 26
[06-Apr-2018 09:49:16 UTC] PHP Fatal error:  Uncaught PDOException: SQLSTATE[HY000] [2002] Подключение не установлено, т.к. конечный компьютер отверг запрос на подключение.
 in C:\Winginx\home\claim\public_html\database.php:26
Stack trace:
#0 C:\Winginx\home\claim\public_html\database.php(26): PDO->__construct('mysql:host=loca...', 'root', '', Array)
#1 C:\Winginx\home\claim\public_html\database.php(38): DB::instance()
#2 C:\Winginx\home\claim\public_html\index.php(9): DB::run('SELECT * FROM c...', Array)
#3 {main}
  thrown in C:\Winginx\home\claim\public_html\database.php on line 26
[10-Apr-2018 12:25:37 UTC] PHP Fatal error:  Uncaught PDOException: SQLSTATE[HY000] [2019] Unknown character set in C:\Winginx\home\claim\public_html\database.php:27
Stack trace:
#0 C:\Winginx\home\claim\public_html\database.php(27): PDO->__construct('mysql:host=loca...', 'root', '', Array)
#1 C:\Winginx\home\claim\public_html\database.php(39): DB::instance()
#2 C:\Winginx\home\claim\public_html\claim.php(25): DB::run('SELECT * FROM c...', Array)
#3 {main}
  thrown in C:\Winginx\home\claim\public_html\database.php on line 27
[10-Apr-2018 12:26:44 UTC] PHP Fatal error:  Uncaught PDOException: SQLSTATE[HY000] [2019] Unknown character set in C:\Winginx\home\claim\public_html\database.php:27
Stack trace:
#0 C:\Winginx\home\claim\public_html\database.php(27): PDO->__construct('mysql:host=loca...', 'root', '', Array)
#1 C:\Winginx\home\claim\public_html\database.php(39): DB::instance()
#2 C:\Winginx\home\claim\public_html\claim.php(25): DB::run('SELECT * FROM c...', Array)
#3 {main}
  thrown in C:\Winginx\home\claim\public_html\database.php on line 27
[10-Apr-2018 12:52:05 UTC] PHP Fatal error:  Uncaught PDOException: SQLSTATE[HY000] [2019] Unknown character set in C:\Winginx\home\claim\public_html\database.php:27
Stack trace:
#0 C:\Winginx\home\claim\public_html\database.php(27): PDO->__construct('mysql:host=loca...', 'root', '', Array)
#1 C:\Winginx\home\claim\public_html\database.php(39): DB::instance()
#2 C:\Winginx\home\claim\public_html\claim.php(25): DB::run('SELECT * FROM c...', Array)
#3 {main}
  thrown in C:\Winginx\home\claim\public_html\database.php on line 27
[10-Apr-2018 12:55:21 UTC] PHP Parse error:  syntax error, unexpected 'SET' (T_STRING), expecting ',' or ')' in C:\Winginx\home\claim\public_html\claim.php on line 26
[11-Apr-2018 06:45:25 UTC] PHP Fatal error:  Uncaught PDOException: SQLSTATE[HY000]: General error: 1366 Incorrect integer value: '' for column 'artikul' at row 1 in C:\Winginx\home\claim\public_html\upload.php:20
Stack trace:
#0 C:\Winginx\home\claim\public_html\upload.php(20): PDOStatement->execute(Array)
#1 {main}
  thrown in C:\Winginx\home\claim\public_html\upload.php on line 20
[11-Apr-2018 06:45:30 UTC] PHP Fatal error:  Uncaught PDOException: SQLSTATE[HY000]: General error: 1366 Incorrect integer value: '' for column 'artikul' at row 1 in C:\Winginx\home\claim\public_html\upload.php:20
Stack trace:
#0 C:\Winginx\home\claim\public_html\upload.php(20): PDOStatement->execute(Array)
#1 {main}
  thrown in C:\Winginx\home\claim\public_html\upload.php on line 20
[11-Apr-2018 06:45:32 UTC] PHP Fatal error:  Uncaught PDOException: SQLSTATE[HY000]: General error: 1366 Incorrect integer value: '' for column 'artikul' at row 1 in C:\Winginx\home\claim\public_html\upload.php:20
Stack trace:
#0 C:\Winginx\home\claim\public_html\upload.php(20): PDOStatement->execute(Array)
#1 {main}
  thrown in C:\Winginx\home\claim\public_html\upload.php on line 20
[12-Apr-2018 05:40:07 UTC] PHP Fatal error:  Uncaught PDOException: SQLSTATE[23000]: Integrity constraint violation: 1048 Column 'date' cannot be null in C:\Winginx\home\claim\public_html\upload.php:20
Stack trace:
#0 C:\Winginx\home\claim\public_html\upload.php(20): PDOStatement->execute(Array)
#1 {main}
  thrown in C:\Winginx\home\claim\public_html\upload.php on line 20
[12-Apr-2018 05:42:53 UTC] PHP Fatal error:  Uncaught PDOException: SQLSTATE[23000]: Integrity constraint violation: 1048 Column 'date' cannot be null in C:\Winginx\home\claim\public_html\upload.php:20
Stack trace:
#0 C:\Winginx\home\claim\public_html\upload.php(20): PDOStatement->execute(Array)
#1 {main}
  thrown in C:\Winginx\home\claim\public_html\upload.php on line 20
[12-Apr-2018 05:43:44 UTC] PHP Fatal error:  Uncaught PDOException: SQLSTATE[23000]: Integrity constraint violation: 1048 Column 'date' cannot be null in C:\Winginx\home\claim\public_html\upload.php:20
Stack trace:
#0 C:\Winginx\home\claim\public_html\upload.php(20): PDOStatement->execute(Array)
#1 {main}
  thrown in C:\Winginx\home\claim\public_html\upload.php on line 20
[12-Apr-2018 05:48:28 UTC] PHP Fatal error:  Uncaught PDOException: SQLSTATE[01000]: Warning: 1265 Data truncated for column 'size' at row 1 in C:\Winginx\home\claim\public_html\upload.php:21
Stack trace:
#0 C:\Winginx\home\claim\public_html\upload.php(21): PDOStatement->execute(Array)
#1 {main}
  thrown in C:\Winginx\home\claim\public_html\upload.php on line 21
[12-Apr-2018 05:51:26 UTC] PHP Fatal error:  Uncaught PDOException: SQLSTATE[01000]: Warning: 1265 Data truncated for column 'size' at row 1 in C:\Winginx\home\claim\public_html\upload.php:21
Stack trace:
#0 C:\Winginx\home\claim\public_html\upload.php(21): PDOStatement->execute(Array)
#1 {main}
  thrown in C:\Winginx\home\claim\public_html\upload.php on line 21
[12-Apr-2018 05:51:37 UTC] PHP Fatal error:  Uncaught PDOException: SQLSTATE[01000]: Warning: 1265 Data truncated for column 'size' at row 1 in C:\Winginx\home\claim\public_html\upload.php:21
Stack trace:
#0 C:\Winginx\home\claim\public_html\upload.php(21): PDOStatement->execute(Array)
#1 {main}
  thrown in C:\Winginx\home\claim\public_html\upload.php on line 21
[12-Apr-2018 05:52:24 UTC] PHP Fatal error:  Uncaught PDOException: SQLSTATE[HY000]: General error: 1366 Incorrect integer value: '' for column 'numer' at row 1 in C:\Winginx\home\claim\public_html\upload.php:21
Stack trace:
#0 C:\Winginx\home\claim\public_html\upload.php(21): PDOStatement->execute(Array)
#1 {main}
  thrown in C:\Winginx\home\claim\public_html\upload.php on line 21
[12-Apr-2018 05:54:55 UTC] PHP Fatal error:  Uncaught PDOException: SQLSTATE[HY000]: General error: 1366 Incorrect integer value: '' for column 'numer' at row 1 in C:\Winginx\home\claim\public_html\upload.php:21
Stack trace:
#0 C:\Winginx\home\claim\public_html\upload.php(21): PDOStatement->execute(Array)
#1 {main}
  thrown in C:\Winginx\home\claim\public_html\upload.php on line 21
[12-Apr-2018 05:55:08 UTC] PHP Fatal error:  Uncaught PDOException: SQLSTATE[HY000]: General error: 1366 Incorrect integer value: '' for column 'numer' at row 1 in C:\Winginx\home\claim\public_html\upload.php:21
Stack trace:
#0 C:\Winginx\home\claim\public_html\upload.php(21): PDOStatement->execute(Array)
#1 {main}
  thrown in C:\Winginx\home\claim\public_html\upload.php on line 21
[12-Apr-2018 05:55:28 UTC] PHP Fatal error:  Uncaught PDOException: SQLSTATE[HY000]: General error: 1366 Incorrect integer value: '' for column 'numer' at row 1 in C:\Winginx\home\claim\public_html\upload.php:21
Stack trace:
#0 C:\Winginx\home\claim\public_html\upload.php(21): PDOStatement->execute(Array)
#1 {main}
  thrown in C:\Winginx\home\claim\public_html\upload.php on line 21
[12-Apr-2018 06:25:02 UTC] PHP Fatal error:  Uncaught PDOException: SQLSTATE[HY000]: General error: 1366 Incorrect integer value: '' for column 'numer' at row 1 in C:\Winginx\home\claim\public_html\upload.php:25
Stack trace:
#0 C:\Winginx\home\claim\public_html\upload.php(25): PDOStatement->execute(Array)
#1 {main}
  thrown in C:\Winginx\home\claim\public_html\upload.php on line 25
[12-Apr-2018 06:25:35 UTC] PHP Fatal error:  Uncaught PDOException: SQLSTATE[HY000]: General error: 1366 Incorrect integer value: '' for column 'numer' at row 1 in C:\Winginx\home\claim\public_html\upload.php:25
Stack trace:
#0 C:\Winginx\home\claim\public_html\upload.php(25): PDOStatement->execute(Array)
#1 {main}
  thrown in C:\Winginx\home\claim\public_html\upload.php on line 25
[12-Apr-2018 06:31:59 UTC] PHP Fatal error:  Uncaught PDOException: SQLSTATE[23000]: Integrity constraint violation: 1048 Column 'artikul' cannot be null in C:\Winginx\home\claim\public_html\upload.php:25
Stack trace:
#0 C:\Winginx\home\claim\public_html\upload.php(25): PDOStatement->execute(Array)
#1 {main}
  thrown in C:\Winginx\home\claim\public_html\upload.php on line 25
[12-Apr-2018 08:32:56 UTC] PHP Catchable fatal error:  Object of class PDOStatement could not be converted to string in C:\Winginx\home\claim\public_html\upload.php on line 24
[12-Apr-2018 08:32:56 UTC] PHP Stack trace:
[12-Apr-2018 08:32:56 UTC] PHP   1. {main}() C:\Winginx\home\claim\public_html\upload.php:0
[12-Apr-2018 08:36:00 UTC] PHP Fatal error:  Uncaught PDOException: SQLSTATE[42000]: Syntax error or access violation: 1064 You have an error in your SQL syntax; check the manual that corresponds to your MySQL server version for the right syntax to use near 'mysql_insert_id()' at line 1 in C:\Winginx\home\claim\public_html\database.php:39
Stack trace:
#0 C:\Winginx\home\claim\public_html\database.php(39): PDO->prepare('mysql_insert_id...')
#1 C:\Winginx\home\claim\public_html\upload.php(23): DB::run('mysql_insert_id...')
#2 {main}
  thrown in C:\Winginx\home\claim\public_html\database.php on line 39
[12-Apr-2018 08:39:02 UTC] PHP Fatal error:  Uncaught Error: Cannot use object of type PDOStatement as array in C:\Winginx\home\claim\public_html\upload.php:24
Stack trace:
#0 {main}
  thrown in C:\Winginx\home\claim\public_html\upload.php on line 24
[12-Apr-2018 08:59:59 UTC] PHP Fatal error:  Uncaught PDOException: SQLSTATE[42S22]: Column not found: 1054 Unknown column 'ind' in 'order clause' in C:\Winginx\home\claim\public_html\database.php:39
Stack trace:
#0 C:\Winginx\home\claim\public_html\database.php(39): PDO->prepare('SELECT * FROM `...')
#1 C:\Winginx\home\claim\public_html\index.php(10): DB::run('SELECT * FROM `...')
#2 {main}
  thrown in C:\Winginx\home\claim\public_html\database.php on line 39
[12-Apr-2018 09:01:23 UTC] PHP Fatal error:  Uncaught PDOException: SQLSTATE[42S22]: Column not found: 1054 Unknown column 'ind' in 'order clause' in C:\Winginx\home\claim\public_html\database.php:39
Stack trace:
#0 C:\Winginx\home\claim\public_html\database.php(39): PDO->prepare('SELECT * FROM `...')
#1 C:\Winginx\home\claim\public_html\index.php(10): DB::run('SELECT * FROM `...')
#2 {main}
  thrown in C:\Winginx\home\claim\public_html\database.php on line 39
[12-Apr-2018 09:04:19 UTC] PHP Fatal error:  Uncaught PDOException: SQLSTATE[42S22]: Column not found: 1054 Unknown column 'id' in 'where clause' in C:\Winginx\home\claim\public_html\database.php:39
Stack trace:
#0 C:\Winginx\home\claim\public_html\database.php(39): PDO->prepare('UPDATE claim_ta...')
#1 C:\Winginx\home\claim\public_html\upload.php(26): DB::run('UPDATE claim_ta...', Array)
#2 {main}
  thrown in C:\Winginx\home\claim\public_html\database.php on line 39
[12-Apr-2018 12:22:38 UTC] PHP Fatal error:  Uncaught PDOException: SQLSTATE[23000]: Integrity constraint violation: 1048 Column 'date' cannot be null in C:\Winginx\home\claim\public_html\new_claim.php:16
Stack trace:
#0 C:\Winginx\home\claim\public_html\new_claim.php(16): PDOStatement->execute(Array)
#1 {main}
  thrown in C:\Winginx\home\claim\public_html\new_claim.php on line 16
[12-Apr-2018 12:23:21 UTC] PHP Catchable fatal error:  Object of class DateTime could not be converted to string in C:\Winginx\home\claim\public_html\new_claim.php on line 16
[12-Apr-2018 12:23:21 UTC] PHP Stack trace:
[12-Apr-2018 12:23:21 UTC] PHP   1. {main}() C:\Winginx\home\claim\public_html\new_claim.php:0
[12-Apr-2018 12:23:21 UTC] PHP   2. PDOStatement->execute(*uninitialized*) C:\Winginx\home\claim\public_html\new_claim.php:16
[12-Apr-2018 12:24:06 UTC] PHP Fatal error:  Uncaught PDOException: SQLSTATE[23000]: Integrity constraint violation: 1048 Column '_2' cannot be null in C:\Winginx\home\claim\public_html\new_claim.php:16
Stack trace:
#0 C:\Winginx\home\claim\public_html\new_claim.php(16): PDOStatement->execute(Array)
#1 {main}
  thrown in C:\Winginx\home\claim\public_html\new_claim.php on line 16
[18-Apr-2018 04:42:47 UTC] PHP Fatal error:  Uncaught PDOException: SQLSTATE[23000]: Integrity constraint violation: 1048 Column 'row' cannot be null in C:\Winginx\home\claim\public_html\database.php:40
Stack trace:
#0 C:\Winginx\home\claim\public_html\database.php(40): PDOStatement->execute(Array)
#1 C:\Winginx\home\claim\public_html\upload.php(32): DB::run('UPDATE claim_ta...', Array)
#2 {main}
  thrown in C:\Winginx\home\claim\public_html\database.php on line 40
[18-Apr-2018 04:54:18 UTC] PHP Fatal error:  Uncaught PDOException: SQLSTATE[23000]: Integrity constraint violation: 1048 Column 'row' cannot be null in C:\Winginx\home\claim\public_html\database.php:40
Stack trace:
#0 C:\Winginx\home\claim\public_html\database.php(40): PDOStatement->execute(Array)
#1 C:\Winginx\home\claim\public_html\upload.php(32): DB::run('UPDATE claim_ta...', Array)
#2 {main}
  thrown in C:\Winginx\home\claim\public_html\database.php on line 40
[24-Apr-2018 09:22:24 UTC] PHP Fatal error:  Uncaught PDOException: SQLSTATE[23000]: Integrity constraint violation: 1048 Column 'artikul' cannot be null in C:\Winginx\home\claim\public_html\upload.php:20
Stack trace:
#0 C:\Winginx\home\claim\public_html\upload.php(20): PDOStatement->execute(Array)
#1 {main}
  thrown in C:\Winginx\home\claim\public_html\upload.php on line 20
[24-Apr-2018 09:27:35 UTC] PHP Fatal error:  Uncaught PDOException: SQLSTATE[23000]: Integrity constraint violation: 1048 Column 'artikul' cannot be null in C:\Winginx\home\claim\public_html\upload.php:23
Stack trace:
#0 C:\Winginx\home\claim\public_html\upload.php(23): PDOStatement->execute(Array)
#1 {main}
  thrown in C:\Winginx\home\claim\public_html\upload.php on line 23
[24-Apr-2018 09:29:18 UTC] PHP Fatal error:  Uncaught PDOException: SQLSTATE[23000]: Integrity constraint violation: 1048 Column 'artikul' cannot be null in C:\Winginx\home\claim\public_html\upload.php:25
Stack trace:
#0 C:\Winginx\home\claim\public_html\upload.php(25): PDOStatement->execute(Array)
#1 {main}
  thrown in C:\Winginx\home\claim\public_html\upload.php on line 25
[24-Apr-2018 09:29:38 UTC] PHP Fatal error:  Uncaught PDOException: SQLSTATE[23000]: Integrity constraint violation: 1048 Column 'artikul' cannot be null in C:\Winginx\home\claim\public_html\upload.php:25
Stack trace:
#0 C:\Winginx\home\claim\public_html\upload.php(25): PDOStatement->execute(Array)
#1 {main}
  thrown in C:\Winginx\home\claim\public_html\upload.php on line 25
[24-Apr-2018 09:45:14 UTC] PHP Fatal error:  Uncaught PDOException: SQLSTATE[23000]: Integrity constraint violation: 1048 Column 'artikul' cannot be null in C:\Winginx\home\claim\public_html\upload.php:23
Stack trace:
#0 C:\Winginx\home\claim\public_html\upload.php(23): PDOStatement->execute(Array)
#1 {main}
  thrown in C:\Winginx\home\claim\public_html\upload.php on line 23
[25-Apr-2018 06:31:15 UTC] PHP Fatal error:  Uncaught Error: Cannot use object of type PDOStatement as array in C:\Winginx\home\claim\public_html\index.php:13
Stack trace:
#0 {main}
  thrown in C:\Winginx\home\claim\public_html\index.php on line 13
[25-Apr-2018 07:14:53 UTC] PHP Fatal error:  Uncaught Error: Cannot use object of type PDOStatement as array in C:\Winginx\home\claim\public_html\index.php:13
Stack trace:
#0 {main}
  thrown in C:\Winginx\home\claim\public_html\index.php on line 13
[25-Apr-2018 07:15:34 UTC] PHP Fatal error:  Uncaught Error: Cannot use object of type PDOStatement as array in C:\Winginx\home\claim\public_html\index.php:13
Stack trace:
#0 {main}
  thrown in C:\Winginx\home\claim\public_html\index.php on line 13
[25-Apr-2018 07:16:16 UTC] PHP Fatal error:  Uncaught Error: Cannot use object of type PDOStatement as array in C:\Winginx\home\claim\public_html\index.php:13
Stack trace:
#0 {main}
  thrown in C:\Winginx\home\claim\public_html\index.php on line 13
[27-Apr-2018 06:26:36 UTC] PHP Warning:  simplexml_load_file(): input conversion failed due to input error, bytes 0x98 0xD0 0xB7 0xD1 in C:\Winginx\home\claim\public_html\index.php on line 10
[27-Apr-2018 06:26:36 UTC] PHP Stack trace:
[27-Apr-2018 06:26:36 UTC] PHP   1. {main}() C:\Winginx\home\claim\public_html\index.php:0
[27-Apr-2018 06:26:36 UTC] PHP   2. simplexml_load_file(*uninitialized*) C:\Winginx\home\claim\public_html\index.php:10
[27-Apr-2018 06:26:37 UTC] PHP Warning:  simplexml_load_file(): input conversion failed due to input error, bytes 0x98 0xD0 0xB7 0xD1 in C:\Winginx\home\claim\public_html\index.php on line 10
[27-Apr-2018 06:26:37 UTC] PHP Stack trace:
[27-Apr-2018 06:26:37 UTC] PHP   1. {main}() C:\Winginx\home\claim\public_html\index.php:0
[27-Apr-2018 06:26:37 UTC] PHP   2. simplexml_load_file(*uninitialized*) C:\Winginx\home\claim\public_html\index.php:10
[27-Apr-2018 06:26:37 UTC] PHP Warning:  simplexml_load_file(): encoder errorNomData.xml:293: parser error : Premature end of data in tag KAMNAME line 293 in C:\Winginx\home\claim\public_html\index.php on line 10
[27-Apr-2018 06:26:37 UTC] PHP Stack trace:
[27-Apr-2018 06:26:37 UTC] PHP   1. {main}() C:\Winginx\home\claim\public_html\index.php:0
[27-Apr-2018 06:26:37 UTC] PHP   2. simplexml_load_file(*uninitialized*) C:\Winginx\home\claim\public_html\index.php:10
[27-Apr-2018 06:26:37 UTC] PHP Warning:  simplexml_load_file(): 			&lt;KAMNAME&gt;Р  in C:\Winginx\home\claim\public_html\index.php on line 10
[27-Apr-2018 06:26:37 UTC] PHP Stack trace:
[27-Apr-2018 06:26:37 UTC] PHP   1. {main}() C:\Winginx\home\claim\public_html\index.php:0
[27-Apr-2018 06:26:37 UTC] PHP   2. simplexml_load_file(*uninitialized*) C:\Winginx\home\claim\public_html\index.php:10
[27-Apr-2018 06:26:37 UTC] PHP Warning:  simplexml_load_file(): 			           ^ in C:\Winginx\home\claim\public_html\index.php on line 10
[27-Apr-2018 06:26:37 UTC] PHP Stack trace:
[27-Apr-2018 06:26:37 UTC] PHP   1. {main}() C:\Winginx\home\claim\public_html\index.php:0
[27-Apr-2018 06:26:37 UTC] PHP   2. simplexml_load_file(*uninitialized*) C:\Winginx\home\claim\public_html\index.php:10
[27-Apr-2018 06:26:37 UTC] PHP Warning:  simplexml_load_file(): NomData.xml:293: parser error : Premature end of data in tag KAMNI line 292 in C:\Winginx\home\claim\public_html\index.php on line 10
[27-Apr-2018 06:26:37 UTC] PHP Stack trace:
[27-Apr-2018 06:26:37 UTC] PHP   1. {main}() C:\Winginx\home\claim\public_html\index.php:0
[27-Apr-2018 06:26:37 UTC] PHP   2. simplexml_load_file(*uninitialized*) C:\Winginx\home\claim\public_html\index.php:10
[27-Apr-2018 06:26:37 UTC] PHP Warning:  simplexml_load_file(): 			&lt;KAMNAME&gt;Р  in C:\Winginx\home\claim\public_html\index.php on line 10
[27-Apr-2018 06:26:37 UTC] PHP Stack trace:
[27-Apr-2018 06:26:37 UTC] PHP   1. {main}() C:\Winginx\home\claim\public_html\index.php:0
[27-Apr-2018 06:26:37 UTC] PHP   2. simplexml_load_file(*uninitialized*) C:\Winginx\home\claim\public_html\index.php:10
[27-Apr-2018 06:26:37 UTC] PHP Warning:  simplexml_load_file(): 			           ^ in C:\Winginx\home\claim\public_html\index.php on line 10
[27-Apr-2018 06:26:37 UTC] PHP Stack trace:
[27-Apr-2018 06:26:37 UTC] PHP   1. {main}() C:\Winginx\home\claim\public_html\index.php:0
[27-Apr-2018 06:26:37 UTC] PHP   2. simplexml_load_file(*uninitialized*) C:\Winginx\home\claim\public_html\index.php:10
[27-Apr-2018 06:26:37 UTC] PHP Warning:  simplexml_load_file(): NomData.xml:293: parser error : Premature end of data in tag NOMENKLATURA line 274 in C:\Winginx\home\claim\public_html\index.php on line 10
[27-Apr-2018 06:26:37 UTC] PHP Stack trace:
[27-Apr-2018 06:26:37 UTC] PHP   1. {main}() C:\Winginx\home\claim\public_html\index.php:0
[27-Apr-2018 06:26:37 UTC] PHP   2. simplexml_load_file(*uninitialized*) C:\Winginx\home\claim\public_html\index.php:10
[27-Apr-2018 06:26:37 UTC] PHP Warning:  simplexml_load_file(): 			&lt;KAMNAME&gt;Р  in C:\Winginx\home\claim\public_html\index.php on line 10
[27-Apr-2018 06:26:37 UTC] PHP Stack trace:
[27-Apr-2018 06:26:37 UTC] PHP   1. {main}() C:\Winginx\home\claim\public_html\index.php:0
[27-Apr-2018 06:26:37 UTC] PHP   2. simplexml_load_file(*uninitialized*) C:\Winginx\home\claim\public_html\index.php:10
[27-Apr-2018 06:26:37 UTC] PHP Warning:  simplexml_load_file(): 			           ^ in C:\Winginx\home\claim\public_html\index.php on line 10
[27-Apr-2018 06:26:37 UTC] PHP Stack trace:
[27-Apr-2018 06:26:37 UTC] PHP   1. {main}() C:\Winginx\home\claim\public_html\index.php:0
[27-Apr-2018 06:26:37 UTC] PHP   2. simplexml_load_file(*uninitialized*) C:\Winginx\home\claim\public_html\index.php:10
[27-Apr-2018 06:26:37 UTC] PHP Warning:  simplexml_load_file(): NomData.xml:293: parser error : Premature end of data in tag XMLData line 2 in C:\Winginx\home\claim\public_html\index.php on line 10
[27-Apr-2018 06:26:37 UTC] PHP Stack trace:
[27-Apr-2018 06:26:37 UTC] PHP   1. {main}() C:\Winginx\home\claim\public_html\index.php:0
[27-Apr-2018 06:26:37 UTC] PHP   2. simplexml_load_file(*uninitialized*) C:\Winginx\home\claim\public_html\index.php:10
[27-Apr-2018 06:26:37 UTC] PHP Warning:  simplexml_load_file(): 			&lt;KAMNAME&gt;Р  in C:\Winginx\home\claim\public_html\index.php on line 10
[27-Apr-2018 06:26:37 UTC] PHP Stack trace:
[27-Apr-2018 06:26:37 UTC] PHP   1. {main}() C:\Winginx\home\claim\public_html\index.php:0
[27-Apr-2018 06:26:37 UTC] PHP   2. simplexml_load_file(*uninitialized*) C:\Winginx\home\claim\public_html\index.php:10
[27-Apr-2018 06:26:37 UTC] PHP Warning:  simplexml_load_file(): 			           ^ in C:\Winginx\home\claim\public_html\index.php on line 10
[27-Apr-2018 06:26:37 UTC] PHP Stack trace:
[27-Apr-2018 06:26:37 UTC] PHP   1. {main}() C:\Winginx\home\claim\public_html\index.php:0
[27-Apr-2018 06:26:37 UTC] PHP   2. simplexml_load_file(*uninitialized*) C:\Winginx\home\claim\public_html\index.php:10
[27-Apr-2018 06:26:37 UTC] PHP Fatal error:  Uncaught Error: Call to a member function xpath() on boolean in C:\Winginx\home\claim\public_html\index.php:11
Stack trace:
#0 {main}
  thrown in C:\Winginx\home\claim\public_html\index.php on line 11
[27-Apr-2018 06:55:06 UTC] PHP Warning:  SimpleXMLElement::xpath(): Invalid expression in C:\Winginx\home\claim\public_html\parseXML.php on line 4
[27-Apr-2018 06:55:06 UTC] PHP Stack trace:
[27-Apr-2018 06:55:06 UTC] PHP   1. {main}() C:\Winginx\home\claim\public_html\parseXML.php:0
[27-Apr-2018 06:55:06 UTC] PHP   2. SimpleXMLElement->xpath(*uninitialized*) C:\Winginx\home\claim\public_html\parseXML.php:4
[27-Apr-2018 06:55:06 UTC] PHP Warning:  SimpleXMLElement::xpath(): xmlXPathEval: evaluation failed in C:\Winginx\home\claim\public_html\parseXML.php on line 4
[27-Apr-2018 06:55:06 UTC] PHP Stack trace:
[27-Apr-2018 06:55:06 UTC] PHP   1. {main}() C:\Winginx\home\claim\public_html\parseXML.php:0
[27-Apr-2018 06:55:06 UTC] PHP   2. SimpleXMLElement->xpath(*uninitialized*) C:\Winginx\home\claim\public_html\parseXML.php:4
[27-Apr-2018 07:21:53 UTC] PHP Parse error:  syntax error, unexpected ''VI'' (T_CONSTANT_ENCAPSED_STRING), expecting identifier (T_STRING) or variable (T_VARIABLE) or '{' or '$' in C:\Winginx\home\claim\public_html\parseXML.php on line 6
[18-May-2018 06:32:41 UTC] PHP Fatal error:  Uncaught PDOException: SQLSTATE[HY000]: General error: 1366 Incorrect integer value: '' for column 'probe' at row 1 in C:\Winginx\home\claim\public_html\upload.php:24
Stack trace:
#0 C:\Winginx\home\claim\public_html\upload.php(24): PDOStatement->execute(Array)
#1 {main}
  thrown in C:\Winginx\home\claim\public_html\upload.php on line 24
[18-May-2018 12:45:05 UTC] PHP Fatal error:  Uncaught PDOException: SQLSTATE[22001]: String data, right truncated: 1406 Data too long for column 'colour' at row 1 in C:\Winginx\home\claim\public_html\upload.php:41
Stack trace:
#0 C:\Winginx\home\claim\public_html\upload.php(41): PDOStatement->execute(Array)
#1 {main}
  thrown in C:\Winginx\home\claim\public_html\upload.php on line 41
[18-May-2018 12:48:41 UTC] PHP Fatal error:  Uncaught PDOException: SQLSTATE[23000]: Integrity constraint violation: 1048 Column 'type' cannot be null in C:\Winginx\home\claim\public_html\upload.php:41
Stack trace:
#0 C:\Winginx\home\claim\public_html\upload.php(41): PDOStatement->execute(Array)
#1 {main}
  thrown in C:\Winginx\home\claim\public_html\upload.php on line 41
